# JRE version: OpenJDK Runtime Environment (11.0.11+9) (build 11.0.11+9-b60-7590822)
# Java VM: OpenJDK 64-Bit Server VM (11.0.11+9-b60-7590822, mixed mode, tiered, compressed oops, g1 gc, windows-amd64)
Heap:
 garbage-first heap   total 500736K, used 133380K [0x0000000080000000, 0x0000000100000000)
  region size 1024K, 9 young (9216K), 7 survivors (7168K)
 Metaspace       used 138837K, capacity 143508K, committed 143644K, reserved 1175552K
  class space    used 16743K, capacity 18493K, committed 18560K, reserved 1048576K
GC Heap History (20 events):
Event: 11448.687 GC heap before
{Heap before GC invocations=312 (full 0):
 garbage-first heap   total 500736K, used 148222K [0x0000000080000000, 0x0000000100000000)
  region size 1024K, 24 young (24576K), 3 survivors (3072K)
 Metaspace       used 138683K, capacity 143357K, committed 143644K, reserved 1175552K
  class space    used 16741K, capacity 18489K, committed 18560K, reserved 1048576K
}
Event: 11448.996 GC heap after
{Heap after GC invocations=313 (full 0):
 garbage-first heap   total 500736K, used 117702K [0x0000000080000000, 0x0000000100000000)
  region size 1024K, 1 young (1024K), 1 survivors (1024K)
 Metaspace       used 138683K, capacity 143357K, committed 143644K, reserved 1175552K
  class space    used 16741K, capacity 18489K, committed 18560K, reserved 1048576K
}
Event: 11642.224 GC heap before
{Heap before GC invocations=313 (full 0):
 garbage-first heap   total 500736K, used 140230K [0x0000000080000000, 0x0000000100000000)
  region size 1024K, 24 young (24576K), 1 survivors (1024K)
 Metaspace       used 138688K, capacity 143357K, committed 143644K, reserved 1175552K
  class space    used 16741K, capacity 18489K, committed 18560K, reserved 1048576K
}
Event: 11642.432 GC heap after
{Heap after GC invocations=314 (full 0):
 garbage-first heap   total 500736K, used 118651K [0x0000000080000000, 0x0000000100000000)
  region size 1024K, 2 young (2048K), 2 survivors (2048K)
 Metaspace       used 138688K, capacity 143357K, committed 143644K, reserved 1175552K
  class space    used 16741K, capacity 18489K, committed 18560K, reserved 1048576K
}
Event: 11647.298 GC heap before
{Heap before GC invocations=314 (full 0):
 garbage-first heap   total 500736K, used 160635K [0x0000000080000000, 0x0000000100000000)
  region size 1024K, 43 young (44032K), 2 survivors (2048K)
 Metaspace       used 138707K, capacity 143421K, committed 143644K, reserved 1175552K
  class space    used 16741K, capacity 18489K, committed 18560K, reserved 1048576K
}
Event: 11647.395 GC heap after
{Heap after GC invocations=315 (full 0):
 garbage-first heap   total 500736K, used 123171K [0x0000000080000000, 0x0000000100000000)
  region size 1024K, 6 young (6144K), 6 survivors (6144K)
 Metaspace       used 138707K, capacity 143421K, committed 143644K, reserved 1175552K
  class space    used 16741K, capacity 18489K, committed 18560K, reserved 1048576K
}
Event: 11653.230 GC heap before
{Heap before GC invocations=316 (full 0):
 garbage-first heap   total 500736K, used 193827K [0x0000000080000000, 0x0000000100000000)
  region size 1024K, 74 young (75776K), 6 survivors (6144K)
 Metaspace       used 138747K, capacity 143424K, committed 143644K, reserved 1175552K
  class space    used 16741K, capacity 18489K, committed 18560K, reserved 1048576K
}
Event: 11653.308 GC heap after
{Heap after GC invocations=317 (full 0):
 garbage-first heap   total 500736K, used 126405K [0x0000000080000000, 0x0000000100000000)
  region size 1024K, 6 young (6144K), 6 survivors (6144K)
 Metaspace       used 138747K, capacity 143424K, committed 143644K, reserved 1175552K
  class space    used 16741K, capacity 18489K, committed 18560K, reserved 1048576K
}
Event: 11654.308 GC heap before
{Heap before GC invocations=317 (full 0):
 garbage-first heap   total 500736K, used 145861K [0x0000000080000000, 0x0000000100000000)
  region size 1024K, 24 young (24576K), 6 survivors (6144K)
 Metaspace       used 138748K, capacity 143424K, committed 143644K, reserved 1175552K
  class space    used 16741K, capacity 18489K, committed 18560K, reserved 1048576K
}
Event: 11654.375 GC heap after
{Heap after GC invocations=318 (full 0):
 garbage-first heap   total 500736K, used 116449K [0x0000000080000000, 0x0000000100000000)
  region size 1024K, 3 young (3072K), 3 survivors (3072K)
 Metaspace       used 138748K, capacity 143424K, committed 143644K, reserved 1175552K
  class space    used 16741K, capacity 18489K, committed 18560K, reserved 1048576K
}
Event: 11999.020 GC heap before
{Heap before GC invocations=318 (full 0):
 garbage-first heap   total 500736K, used 170721K [0x0000000080000000, 0x0000000100000000)
  region size 1024K, 57 young (58368K), 3 survivors (3072K)
 Metaspace       used 138774K, capacity 143490K, committed 143644K, reserved 1175552K
  class space    used 16741K, capacity 18489K, committed 18560K, reserved 1048576K
}
Event: 11999.358 GC heap after
{Heap after GC invocations=319 (full 0):
 garbage-first heap   total 500736K, used 115306K [0x0000000080000000, 0x0000000100000000)
  region size 1024K, 4 young (4096K), 4 survivors (4096K)
 Metaspace       used 138774K, capacity 143490K, committed 143644K, reserved 1175552K
  class space    used 16741K, capacity 18489K, committed 18560K, reserved 1048576K
}
Event: 12011.038 GC heap before
{Heap before GC invocations=320 (full 0):
 garbage-first heap   total 500736K, used 173674K [0x0000000080000000, 0x0000000100000000)
  region size 1024K, 61 young (62464K), 4 survivors (4096K)
 Metaspace       used 138792K, capacity 143499K, committed 143644K, reserved 1175552K
  class space    used 16742K, capacity 18491K, committed 18560K, reserved 1048576K
}
Event: 12011.129 GC heap after
{Heap after GC invocations=321 (full 0):
 garbage-first heap   total 500736K, used 118211K [0x0000000080000000, 0x0000000100000000)
  region size 1024K, 7 young (7168K), 7 survivors (7168K)
 Metaspace       used 138792K, capacity 143499K, committed 143644K, reserved 1175552K
  class space    used 16742K, capacity 18491K, committed 18560K, reserved 1048576K
}
Event: 12012.721 GC heap before
{Heap before GC invocations=321 (full 0):
 garbage-first heap   total 500736K, used 137667K [0x0000000080000000, 0x0000000100000000)
  region size 1024K, 24 young (24576K), 7 survivors (7168K)
 Metaspace       used 138802K, capacity 143502K, committed 143644K, reserved 1175552K
  class space    used 16743K, capacity 18492K, committed 18560K, reserved 1048576K
}
Event: 12012.831 GC heap after
{Heap after GC invocations=322 (full 0):
 garbage-first heap   total 500736K, used 117503K [0x0000000080000000, 0x0000000100000000)
  region size 1024K, 3 young (3072K), 3 survivors (3072K)
 Metaspace       used 138802K, capacity 143502K, committed 143644K, reserved 1175552K
  class space    used 16743K, capacity 18492K, committed 18560K, reserved 1048576K
}
Event: 12015.056 GC heap before
{Heap before GC invocations=322 (full 0):
 garbage-first heap   total 500736K, used 153343K [0x0000000080000000, 0x0000000100000000)
  region size 1024K, 38 young (38912K), 3 survivors (3072K)
 Metaspace       used 138820K, capacity 143505K, committed 143644K, reserved 1175552K
  class space    used 16743K, capacity 18492K, committed 18560K, reserved 1048576K
}
Event: 12015.222 GC heap after
{Heap after GC invocations=323 (full 0):
 garbage-first heap   total 500736K, used 124862K [0x0000000080000000, 0x0000000100000000)
  region size 1024K, 5 young (5120K), 5 survivors (5120K)
 Metaspace       used 138820K, capacity 143505K, committed 143644K, reserved 1175552K
  class space    used 16743K, capacity 18492K, committed 18560K, reserved 1048576K
}
Event: 12020.666 GC heap before
{Heap before GC invocations=323 (full 0):
 garbage-first heap   total 500736K, used 175038K [0x0000000080000000, 0x0000000100000000)
  region size 1024K, 53 young (54272K), 5 survivors (5120K)
 Metaspace       used 138836K, capacity 143508K, committed 143644K, reserved 1175552K
  class space    used 16743K, capacity 18493K, committed 18560K, reserved 1048576K
}
Event: 12020.807 GC heap after
{Heap after GC invocations=324 (full 0):
 garbage-first heap   total 500736K, used 132356K [0x0000000080000000, 0x0000000100000000)
  region size 1024K, 7 young (7168K), 7 survivors (7168K)
 Metaspace       used 138836K, capacity 143508K, committed 143644K, reserved 1175552K
  class space    used 16743K, capacity 18493K, committed 18560K, reserved 1048576K
}

