# JRE version: OpenJDK Runtime Environment (11.0.11+9) (build 11.0.11+9-b60-7590822)
# Java VM: OpenJDK 64-Bit Server VM (11.0.11+9-b60-7590822, mixed mode, tiered, compressed oops, g1 gc, windows-amd64)
Heap:
 garbage-first heap   total 733184K, used 143276K [0x0000000080000000, 0x0000000100000000)
  region size 1024K, 1 young (1024K), 1 survivors (1024K)
 Metaspace       used 104949K, capacity 107992K, committed 108188K, reserved 1142784K
  class space    used 13323K, capacity 14533K, committed 14592K, reserved 1048576K
GC Heap History (20 events):
Event: 867.263 GC heap after
{Heap after GC invocations=106 (full 0):
 garbage-first heap   total 291840K, used 125511K [0x0000000080000000, 0x0000000100000000)
  region size 1024K, 2 young (2048K), 2 survivors (2048K)
 Metaspace       used 102295K, capacity 105063K, committed 105244K, reserved 1140736K
  class space    used 13038K, capacity 14132K, committed 14208K, reserved 1048576K
}
Event: 868.396 GC heap before
{Heap before GC invocations=106 (full 0):
 garbage-first heap   total 291840K, used 196167K [0x0000000080000000, 0x0000000100000000)
  region size 1024K, 71 young (72704K), 2 survivors (2048K)
 Metaspace       used 102612K, capacity 105435K, committed 105500K, reserved 1140736K
  class space    used 13068K, capacity 14168K, committed 14208K, reserved 1048576K
}
Event: 868.422 GC heap after
{Heap after GC invocations=107 (full 0):
 garbage-first heap   total 291840K, used 125787K [0x0000000080000000, 0x0000000100000000)
  region size 1024K, 2 young (2048K), 2 survivors (2048K)
 Metaspace       used 102612K, capacity 105435K, committed 105500K, reserved 1140736K
  class space    used 13068K, capacity 14168K, committed 14208K, reserved 1048576K
}
Event: 870.824 GC heap before
{Heap before GC invocations=108 (full 0):
 garbage-first heap   total 291840K, used 202587K [0x0000000080000000, 0x0000000100000000)
  region size 1024K, 78 young (79872K), 2 survivors (2048K)
 Metaspace       used 104494K, capacity 107536K, committed 107676K, reserved 1142784K
  class space    used 13304K, capacity 14499K, committed 14592K, reserved 1048576K
}
Event: 870.854 GC heap after
{Heap after GC invocations=109 (full 0):
 garbage-first heap   total 435200K, used 126292K [0x0000000080000000, 0x0000000100000000)
  region size 1024K, 3 young (3072K), 3 survivors (3072K)
 Metaspace       used 104494K, capacity 107536K, committed 107676K, reserved 1142784K
  class space    used 13304K, capacity 14499K, committed 14592K, reserved 1048576K
}
Event: 871.306 GC heap before
{Heap before GC invocations=109 (full 0):
 garbage-first heap   total 435200K, used 144724K [0x0000000080000000, 0x0000000100000000)
  region size 1024K, 21 young (21504K), 3 survivors (3072K)
 Metaspace       used 104520K, capacity 107602K, committed 107932K, reserved 1142784K
  class space    used 13304K, capacity 14499K, committed 14592K, reserved 1048576K
}
Event: 871.318 GC heap after
{Heap after GC invocations=110 (full 0):
 garbage-first heap   total 435200K, used 126366K [0x0000000080000000, 0x0000000100000000)
  region size 1024K, 2 young (2048K), 2 survivors (2048K)
 Metaspace       used 104520K, capacity 107602K, committed 107932K, reserved 1142784K
  class space    used 13304K, capacity 14499K, committed 14592K, reserved 1048576K
}
Event: 875.923 GC heap before
{Heap before GC invocations=110 (full 0):
 garbage-first heap   total 435200K, used 348574K [0x0000000080000000, 0x0000000100000000)
  region size 1024K, 219 young (224256K), 2 survivors (2048K)
 Metaspace       used 104696K, capacity 107755K, committed 107932K, reserved 1142784K
  class space    used 13308K, capacity 14501K, committed 14592K, reserved 1048576K
}
Event: 876.233 GC heap after
{Heap after GC invocations=111 (full 0):
 garbage-first heap   total 435200K, used 144061K [0x0000000080000000, 0x0000000100000000)
  region size 1024K, 19 young (19456K), 19 survivors (19456K)
 Metaspace       used 104696K, capacity 107755K, committed 107932K, reserved 1142784K
  class space    used 13308K, capacity 14501K, committed 14592K, reserved 1048576K
}
Event: 881.755 GC heap before
{Heap before GC invocations=112 (full 0):
 garbage-first heap   total 435200K, used 317117K [0x0000000080000000, 0x0000000100000000)
  region size 1024K, 189 young (193536K), 19 survivors (19456K)
 Metaspace       used 104781K, capacity 107837K, committed 107932K, reserved 1142784K
  class space    used 13313K, capacity 14505K, committed 14592K, reserved 1048576K
}
Event: 881.971 GC heap after
{Heap after GC invocations=113 (full 0):
 garbage-first heap   total 435200K, used 143629K [0x0000000080000000, 0x0000000100000000)
  region size 1024K, 3 young (3072K), 3 survivors (3072K)
 Metaspace       used 104781K, capacity 107837K, committed 107932K, reserved 1142784K
  class space    used 13313K, capacity 14505K, committed 14592K, reserved 1048576K
}
Event: 884.969 GC heap before
{Heap before GC invocations=113 (full 0):
 garbage-first heap   total 435200K, used 321805K [0x0000000080000000, 0x0000000100000000)
  region size 1024K, 177 young (181248K), 3 survivors (3072K)
 Metaspace       used 104871K, capacity 107950K, committed 108188K, reserved 1142784K
  class space    used 13328K, capacity 14542K, committed 14592K, reserved 1048576K
}
Event: 885.021 GC heap after
{Heap after GC invocations=114 (full 0):
 garbage-first heap   total 435200K, used 143567K [0x0000000080000000, 0x0000000100000000)
  region size 1024K, 3 young (3072K), 3 survivors (3072K)
 Metaspace       used 104871K, capacity 107950K, committed 108188K, reserved 1142784K
  class space    used 13328K, capacity 14542K, committed 14592K, reserved 1048576K
}
Event: 894.734 GC heap before
{Heap before GC invocations=115 (full 0):
 garbage-first heap   total 435200K, used 339151K [0x0000000080000000, 0x0000000100000000)
  region size 1024K, 194 young (198656K), 3 survivors (3072K)
 Metaspace       used 104911K, capacity 107918K, committed 108188K, reserved 1142784K
  class space    used 13321K, capacity 14530K, committed 14592K, reserved 1048576K
}
Event: 894.911 GC heap after
{Heap after GC invocations=116 (full 0):
 garbage-first heap   total 435200K, used 144927K [0x0000000080000000, 0x0000000100000000)
  region size 1024K, 4 young (4096K), 4 survivors (4096K)
 Metaspace       used 104911K, capacity 107918K, committed 108188K, reserved 1142784K
  class space    used 13321K, capacity 14530K, committed 14592K, reserved 1048576K
}
Event: 895.493 GC heap before
{Heap before GC invocations=116 (full 0):
 garbage-first heap   total 435200K, used 161311K [0x0000000080000000, 0x0000000100000000)
  region size 1024K, 21 young (21504K), 4 survivors (4096K)
 Metaspace       used 104914K, capacity 107982K, committed 108188K, reserved 1142784K
  class space    used 13321K, capacity 14530K, committed 14592K, reserved 1048576K
}
Event: 895.556 GC heap after
{Heap after GC invocations=117 (full 0):
 garbage-first heap   total 435200K, used 142930K [0x0000000080000000, 0x0000000100000000)
  region size 1024K, 1 young (1024K), 1 survivors (1024K)
 Metaspace       used 104914K, capacity 107982K, committed 108188K, reserved 1142784K
  class space    used 13321K, capacity 14530K, committed 14592K, reserved 1048576K
}
Event: 912.752 GC heap before
{Heap before GC invocations=117 (full 0):
 garbage-first heap   total 435200K, used 291410K [0x0000000080000000, 0x0000000100000000)
  region size 1024K, 146 young (149504K), 1 survivors (1024K)
 Metaspace       used 104943K, capacity 107992K, committed 108188K, reserved 1142784K
  class space    used 13323K, capacity 14533K, committed 14592K, reserved 1048576K
}
Event: 913.092 GC heap after
{Heap after GC invocations=118 (full 0):
 garbage-first heap   total 435200K, used 143155K [0x0000000080000000, 0x0000000100000000)
  region size 1024K, 1 young (1024K), 1 survivors (1024K)
 Metaspace       used 104943K, capacity 107992K, committed 108188K, reserved 1142784K
  class space    used 13323K, capacity 14533K, committed 14592K, reserved 1048576K
}
Event: 916.668 GC heap before
{Heap before GC invocations=118 (full 0):
 garbage-first heap   total 435200K, used 176947K [0x0000000080000000, 0x0000000100000000)
  region size 1024K, 34 young (34816K), 1 survivors (1024K)
 Metaspace       used 104949K, capacity 107992K, committed 108188K, reserved 1142784K
  class space    used 13323K, capacity 14533K, committed 14592K, reserved 1048576K
}

